Resource Usage Report for LedBlinkingDSpeed 

Mapping to part: m2s025vf256std
Cell usage:
CLKINT          2 uses
CFG2           10 uses
CFG3           8 uses
CFG4           174 uses

Carry cells:
ARI1            128 uses - used for arithmetic functions


Sequential Cells: 
SLE            135 uses

DSP Blocks:    0 of 34 (0%)

I/O ports: 7
I/O primitives: 7
INBUF          3 uses
OUTBUF         4 uses


Global Clock Buffers: 2 of 8 (25%)


Total LUTs:    320

Extra resources required for RAM and MACC interface logic during P&R:

RAM64x18 Interface Logic : SLEs = 0; LUTs = 0;
RAM1K18  Interface Logic : SLEs = 0; LUTs = 0;
MACC     Interface Logic : SLEs = 0; LUTs = 0;

Total number of SLEs after P&R:  135 + 0 + 0 + 0 = 135;
Total number of LUTs after P&R:  320 + 0 + 0 + 0 = 320;

